#
# There is insufficient memory for the Java Runtime Environment to continue.
# Native memory allocation (mmap) failed to map 4161536 bytes for G1 virtual space
# Possible reasons:
#   The system is out of physical RAM or swap space
#   The process is running with CompressedOops enabled, and the Java Heap may be blocking the growth of the native heap
# Possible solutions:
#   Reduce memory load on the system
#   Increase physical memory or swap space
#   Check if swap backing store is full
#   Decrease Java heap size (-Xmx/-Xms)
#   Decrease number of Java threads
#   Decrease Java thread stack sizes (-Xss)
#   Set larger code cache with -XX:ReservedCodeCacheSize=
#   JVM is running with Zero Based Compressed Oops mode in which the Java heap is
#     placed in the first 32GB address space. The Java Heap base address is the
#     maximum limit for the native heap growth. Please use -XX:HeapBaseMinAddress
#     to set the Java Heap base and to place the Java Heap above 32GB virtual address.
# This output file may be truncated or incomplete.
#
#  Out of Memory Error (os_windows.cpp:3825), pid=20092, tid=28624
#
# JRE version:  (17.0.9+7) (build )
# Java VM: OpenJDK 64-Bit Server VM (17.0.9+7-b1087.9, mixed mode, sharing, tiered, compressed oops, compressed class ptrs, g1 gc, windows-amd64)
# No core dump will be written. Minidumps are not enabled by default on client versions of Windows
#

---------------  S U M M A R Y ------------

Command Line: git4idea.http.GitAskPassApp Username for 'https://github.com': 

Host: Intel(R) Core(TM) i7-9750H CPU @ 2.60GHz, 12 cores, 15G,  Windows 11 , 64 bit Build 22621 (10.0.22621.2506)
Time: Sun Jan  7 09:48:53 2024  Windows 11 , 64 bit Build 22621 (10.0.22621.2506) elapsed time: 0.013201 seconds (0d 0h 0m 0s)

---------------  T H R E A D  ---------------

Current thread (0x0000018a51778f00):  JavaThread "Unknown thread" [_thread_in_vm, id=28624, stack(0x0000007df5800000,0x0000007df5900000)]

Stack: [0x0000007df5800000,0x0000007df5900000]
Native frames: (J=compiled Java code, j=interpreted, Vv=VM code, C=native code)
V  [jvm.dll+0x688349]
V  [jvm.dll+0x841bfa]
V  [jvm.dll+0x84383e]
V  [jvm.dll+0x843ea3]
V  [jvm.dll+0x24bdef]
V  [jvm.dll+0x6850f9]
V  [jvm.dll+0x67988a]
V  [jvm.dll+0x30cbfb]
V  [jvm.dll+0x3140a6]
V  [jvm.dll+0x363f08]
V  [jvm.dll+0x36410f]
V  [jvm.dll+0x2e29c8]
V  [jvm.dll+0x2e3934]
V  [jvm.dll+0x812771]
V  [jvm.dll+0x371d41]
V  [jvm.dll+0x7f12bc]
V  [jvm.dll+0x3f59cf]
V  [jvm.dll+0x3f7601]
C  [jli.dll+0x528f]
C  [ucrtbase.dll+0x29363]
C  [KERNEL32.DLL+0x1257d]
C  [ntdll.dll+0x5aa58]


---------------  P R O C E S S  ---------------

Threads class SMR info:
_java_thread_list=0x00007fffb927df18, length=0, elements={
}

Java Threads: ( => current thread )

Other Threads:
  0x0000018a517e5fe0 GCTaskThread "GC Thread#0" [stack: 0x0000007df5900000,0x0000007df5a00000] [id=14400]
  0x0000018a517f7cd0 ConcurrentGCThread "G1 Main Marker" [stack: 0x0000007df5a00000,0x0000007df5b00000] [id=26272]
  0x0000018a517f86f0 ConcurrentGCThread "G1 Conc#0" [stack: 0x0000007df5b00000,0x0000007df5c00000] [id=16320]

[error occurred during error reporting (printing all threads), id 0xc0000005, EXCEPTION_ACCESS_VIOLATION (0xc0000005) at pc=0x00007fffb8a33597]

VM state: not at safepoint (not fully initialized)

VM Mutex/Monitor currently owned by a thread:  ([mutex/lock_event])
[0x0000018a517724a0] Heap_lock - owner thread: 0x0000018a51778f00

Heap address: 0x0000000702600000, size: 4058 MB, Compressed Oops mode: Zero based, Oop shift amount: 3

CDS archive(s) mapped at: [0x0000000000000000-0x0000000000000000-0x0000000000000000), size 0, SharedBaseAddress: 0x0000000800000000, ArchiveRelocationMode: 1.
Narrow klass base: 0x0000000000000000, Narrow klass shift: 0, Narrow klass range: 0x0

GC Precious Log:
<Empty>

Heap:
 garbage-first heap   total 0K, used 0K [0x0000000702600000, 0x0000000800000000)
  region size 2048K, 0 young (0K), 0 survivors (0K)
 Metaspace       used 0K, committed 0K, reserved 0K
  class space    used 0K, committed 0K, reserved 0K

Heap Regions: E=young(eden), S=young(survivor), O=old, HS=humongous(starts), HC=humongous(continues), CS=collection set, F=free, OA=open archive, CA=closed archive, TAMS=top-at-mark-start (previous, next)

Card table byte_map: [0x0000018a64c20000,0x0000018a65410000] _byte_map_base: 0x0000018a6140d000

Marking Bits (Prev, Next): (CMBitMap*) 0x0000018a517e6600, (CMBitMap*) 0x0000018a517e6640
 Prev Bits: [0x0000018a65c00000, 0x0000018a69b68000)
 Next Bits: [0x0000018a69b70000, 0x0000018a6dad8000)

GC Heap History (0 events):
No events

Dll operation events (1 events):
Event: 0.007 Loaded shared library C:\Users\17E5\AppData\Local\Programs\PyCharm Professional\jbr\bin\java.dll

Deoptimization events (0 events):
No events

Classes unloaded (0 events):
No events

Classes redefined (0 events):
No events

Internal exceptions (0 events):
No events

VM Operations (0 events):
No events

Events (0 events):
No events


Dynamic libraries:
0x00007ff633220000 - 0x00007ff63322a000 	C:\Users\17E5\AppData\Local\Programs\PyCharm Professional\jbr\bin\java.exe
0x00007ff82a590000 - 0x00007ff82a7a7000 	C:\WINDOWS\SYSTEM32\ntdll.dll
0x00007ff829870000 - 0x00007ff829934000 	C:\WINDOWS\System32\KERNEL32.DLL
0x00007ff827900000 - 0x00007ff827ca5000 	C:\WINDOWS\System32\KERNELBASE.dll
0x00007ff824c60000 - 0x00007ff824cf7000 	C:\WINDOWS\SYSTEM32\apphelp.dll
0x00007ff8280a0000 - 0x00007ff8281b1000 	C:\WINDOWS\System32\ucrtbase.dll
0x00007ff810c80000 - 0x00007ff810c97000 	C:\Users\17E5\AppData\Local\Programs\PyCharm Professional\jbr\bin\jli.dll
0x00007fffe8e70000 - 0x00007fffe8e8b000 	C:\Users\17E5\AppData\Local\Programs\PyCharm Professional\jbr\bin\VCRUNTIME140.dll
0x00007ff82a3a0000 - 0x00007ff82a54e000 	C:\WINDOWS\System32\USER32.dll
0x00007ff80f920000 - 0x00007ff80fbb3000 	C:\WINDOWS\WinSxS\amd64_microsoft.windows.common-controls_6595b64144ccf1df_6.0.22621.2506_none_270c5ae97388e100\COMCTL32.dll
0x00007ff827f60000 - 0x00007ff827f86000 	C:\WINDOWS\System32\win32u.dll
0x00007ff82a2f0000 - 0x00007ff82a397000 	C:\WINDOWS\System32\msvcrt.dll
0x00007ff829200000 - 0x00007ff829229000 	C:\WINDOWS\System32\GDI32.dll
0x00007ff8281c0000 - 0x00007ff8282d9000 	C:\WINDOWS\System32\gdi32full.dll
0x00007ff828000000 - 0x00007ff82809a000 	C:\WINDOWS\System32\msvcp_win.dll
0x00007ff829f60000 - 0x00007ff829f91000 	C:\WINDOWS\System32\IMM32.DLL
0x00007ff817740000 - 0x00007ff81774c000 	C:\Users\17E5\AppData\Local\Programs\PyCharm Professional\jbr\bin\vcruntime140_1.dll
0x00007fffdb0b0000 - 0x00007fffdb13d000 	C:\Users\17E5\AppData\Local\Programs\PyCharm Professional\jbr\bin\msvcp140.dll
0x00007fffb8740000 - 0x00007fffb93c2000 	C:\Users\17E5\AppData\Local\Programs\PyCharm Professional\jbr\bin\server\jvm.dll
0x00007ff829fc0000 - 0x00007ff82a071000 	C:\WINDOWS\System32\ADVAPI32.dll
0x00007ff82a080000 - 0x00007ff82a126000 	C:\WINDOWS\System32\sechost.dll
0x00007ff829940000 - 0x00007ff829a57000 	C:\WINDOWS\System32\RPCRT4.dll
0x00007ff8270b0000 - 0x00007ff8270fd000 	C:\WINDOWS\SYSTEM32\POWRPROF.dll
0x00007ff80fd90000 - 0x00007ff80fd99000 	C:\WINDOWS\SYSTEM32\WSOCK32.dll
0x00007ff816800000 - 0x00007ff816834000 	C:\WINDOWS\SYSTEM32\WINMM.dll
0x00007ff8282e0000 - 0x00007ff828351000 	C:\WINDOWS\System32\WS2_32.dll
0x00007ff81fd40000 - 0x00007ff81fd4a000 	C:\WINDOWS\SYSTEM32\VERSION.dll
0x00007ff827050000 - 0x00007ff827063000 	C:\WINDOWS\SYSTEM32\UMPDC.dll
0x00007ff826860000 - 0x00007ff826878000 	C:\WINDOWS\SYSTEM32\kernel.appcore.dll
0x00007ff8175b0000 - 0x00007ff8175ba000 	C:\Users\17E5\AppData\Local\Programs\PyCharm Professional\jbr\bin\jimage.dll
0x00007ff814ba0000 - 0x00007ff814dd3000 	C:\WINDOWS\SYSTEM32\DBGHELP.DLL
0x00007ff8294e0000 - 0x00007ff829869000 	C:\WINDOWS\System32\combase.dll
0x00007ff829230000 - 0x00007ff829307000 	C:\WINDOWS\System32\OLEAUT32.dll
0x00007ff8062d0000 - 0x00007ff806302000 	C:\WINDOWS\SYSTEM32\dbgcore.DLL
0x00007ff827ee0000 - 0x00007ff827f5a000 	C:\WINDOWS\System32\bcryptPrimitives.dll
0x00007ff8143d0000 - 0x00007ff8143f5000 	C:\Users\17E5\AppData\Local\Programs\PyCharm Professional\jbr\bin\java.dll

dbghelp: loaded successfully - version: 4.0.5 - missing functions: none
symbol engine: initialized successfully - sym options: 0x614 - pdb path: .;C:\Users\17E5\AppData\Local\Programs\PyCharm Professional\jbr\bin;C:\WINDOWS\SYSTEM32;C:\WINDOWS\WinSxS\amd64_microsoft.windows.common-controls_6595b64144ccf1df_6.0.22621.2506_none_270c5ae97388e100;C:\Users\17E5\AppData\Local\Programs\PyCharm Professional\jbr\bin\server

VM Arguments:
java_command: git4idea.http.GitAskPassApp Username for 'https://github.com': 
java_class_path (initial): C:/Users/17E5/AppData/Local/Programs/PyCharm Professional/plugins/vcs-git/lib/git4idea-rt.jar;C:/Users/17E5/AppData/Local/Programs/PyCharm Professional/lib/externalProcess-rt.jar
Launcher Type: SUN_STANDARD

[Global flags]
     intx CICompilerCount                          = 4                                         {product} {ergonomic}
     uint ConcGCThreads                            = 3                                         {product} {ergonomic}
     uint G1ConcRefinementThreads                  = 10                                        {product} {ergonomic}
   size_t G1HeapRegionSize                         = 2097152                                   {product} {ergonomic}
    uintx GCDrainStackTargetSize                   = 64                                        {product} {ergonomic}
   size_t InitialHeapSize                          = 266338304                                 {product} {ergonomic}
   size_t MarkStackSize                            = 4194304                                   {product} {ergonomic}
   size_t MaxHeapSize                              = 4255121408                                {product} {ergonomic}
   size_t MinHeapDeltaBytes                        = 2097152                                   {product} {ergonomic}
   size_t MinHeapSize                              = 8388608                                   {product} {ergonomic}
    uintx NonNMethodCodeHeapSize                   = 5839372                                {pd product} {ergonomic}
    uintx NonProfiledCodeHeapSize                  = 122909434                              {pd product} {ergonomic}
    uintx ProfiledCodeHeapSize                     = 122909434                              {pd product} {ergonomic}
    uintx ReservedCodeCacheSize                    = 251658240                              {pd product} {ergonomic}
     bool SegmentedCodeCache                       = true                                      {product} {ergonomic}
   size_t SoftMaxHeapSize                          = 4255121408                             {manageable} {ergonomic}
     bool UseCompressedClassPointers               = true                           {product lp64_product} {ergonomic}
     bool UseCompressedOops                        = true                           {product lp64_product} {ergonomic}
     bool UseG1GC                                  = true                                      {product} {ergonomic}
     bool UseLargePagesIndividualAllocation        = false                                  {pd product} {ergonomic}

Logging:
Log output configuration:
 #0: stdout all=warning uptime,level,tags
 #1: stderr all=off uptime,level,tags

Environment Variables:
PATH=C:\Program Files\Git\mingw64\libexec\git-core;C:\Program Files\Git\mingw64\libexec\git-core;C:\Program Files\Git\mingw64\bin;C:\Program Files\Git\usr\bin;C:\Users\17E5\bin;D:\MyFold\Tools\Py\Scripts;D:\MyFold\Tools\Py;C:\Program Files\Common Files\Oracle\Java\javapath;C:\Windows\system32;C:\Windows;C:\Windows\System32\Wbem;C:\Windows\System32\WindowsPowerShell\v1.0;C:\Windows\System32\OpenSSH;C:\Program Files (x86)\NVIDIA Corporation\PhysX\Common;C:\Program Files\NVIDIA Corporation\NVIDIA NvDLISR;C:\WINDOWS\system32;C:\WINDOWS;C:\WINDOWS\System32\Wbem;C:\WINDOWS\System32\WindowsPowerShell\v1.0;C:\WINDOWS\System32\OpenSSH;C:\Program Files\Git\cmd;C:\Program Files\Java\jdk-17.0.1\bin;C:\ProgramData\chocolatey\bin;D:\Anaco;D:\MyFold\Tools\Py;D:\MyFold\Programming data\ffmpeg-N-110091-g261fb55e39-win64-gpl-shared\bin;C:\Program Files\Docker\Docker\resources\bin;D:\MyFold\Tools\ffmpeg-master-latest-win64-gpl\bin;D:\MyFold\Tools\Node.js;C:\Users\17E5\AppData\Local\Microsoft\WindowsApps;C:\Users\17E5\Documents\flutter\bin;C:\Program Files\Java\jdk-17.0.1\bin;D:\MyFold\VS\Microsoft VS Code\bin;C:\Program Files\heroku\bin;C:\Program Files\Go\bin;D:\MyFold\MongoDB\bin\mongod.exe;D:\MyFold\Mongosh\mongosh-1.6.0-win32-x64\mongosh-1.6.0-win32-x64\bin;D:\MyFold\Programming data\ffmpeg-N-110091-g261fb55e39-win64-gpl-shared\bin;D:\MyFold\Tools\Microsoft VS Code\bin;D:\MyFold\Tools\Py;D:\MyFold\Tools\Py\Scripts;D:\MyFold\Tools\ffmpeg-master-latest-win64-gpl\bin;C:\Users\17E5\AppData\Local\JetBrains\Toolbox\scripts;C:\Users\17E5\AppData\Roaming\npm;D:\MyFold\Tools\Pycharm\PyCharm 2023.2\bin
USERNAME=17E5
DISPLAY=:0.0
LC_ALL=en_US.UTF-8
TERM=cygwin
TMPDIR=C:\Users\17E5\AppData\Local\Temp
OS=Windows_NT
PROCESSOR_IDENTIFIER=Intel64 Family 6 Model 158 Stepping 10, GenuineIntel
TMP=C:\Users\17E5\AppData\Local\Temp
TEMP=C:\Users\17E5\AppData\Local\Temp



Periodic native trim disabled

JNI global refs:
JNI global refs: 0, weak refs: 0

JNI global refs memory usage: 0, weak refs: 0

OOME stack traces (most recent first):
Classloader memory used:


---------------  S Y S T E M  ---------------

OS:
 Windows 11 , 64 bit Build 22621 (10.0.22621.2506)
OS uptime: 33 days 13:24 hours
Hyper-V role detected

CPU: total 12 (initial active 12) (6 cores per cpu, 2 threads per core) family 6 model 158 stepping 10 microcode 0xde, cx8, cmov, fxsr, ht, mmx, 3dnowpref, sse, sse2, sse3, ssse3, sse4.1, sse4.2, popcnt, lzcnt, tsc, tscinvbit, avx, avx2, aes, erms, clmul, bmi1, bmi2, adx, fma, vzeroupper, clflush, clflushopt, hv
Processor Information for all 12 processors :
  Max Mhz: 2601, Current Mhz: 2600, Mhz Limit: 2574

Memory: 4k page, system-wide physical 16229M (2924M free)
TotalPageFile size 24421M (AvailPageFile size 5M)
current process WorkingSet (physical memory assigned to process): 12M, peak: 12M
current process commit charge ("private bytes"): 323M, peak: 327M

vm_info: OpenJDK 64-Bit Server VM (17.0.9+7-b1087.9) for windows-amd64 JRE (17.0.9+7-b1087.9), built on 2023-12-05 by "builduser" with MS VC++ 16.10 / 16.11 (VS2019)

END.
